<?xml version="1.0" encoding="UTF-8"?>
<!-- Generated by org.testng.reporters.JUnitReportReporter -->
<testsuite hostname="DESKTOP-74KTIGN" failures="0" tests="1" name="testCases.TC_002_LoginTest" time="3.618" errors="0" timestamp="2023-06-06T12:48:49 IST" skipped="0">
  <testcase classname="testCases.TC_002_LoginTest" name="test_loginUser" time="3.618"/>
  <system-out/>
</testsuite> <!-- testCases.TC_002_LoginTest -->
