<?xml version="1.0" encoding="UTF-8"?>
<!-- Generated by org.testng.reporters.JUnitReportReporter -->
<testsuite skipped="0" hostname="DESKTOP-74KTIGN" name="testCases.TC_002_LoginTest" tests="1" failures="0" timestamp="10 Jun 2023 09:53:13 GMT" time="4.452" errors="0">
  <testcase name="test_loginUser" time="4.452" classname="testCases.TC_002_LoginTest"/>
</testsuite> <!-- testCases.TC_002_LoginTest -->
