<?xml version="1.0" encoding="UTF-8"?>
<!-- Generated by org.testng.reporters.JUnitReportReporter -->
<testsuite hostname="DESKTOP-74KTIGN" failures="0" tests="1" name="testCases.TC_002_LoginTest" time="4.087" errors="0" timestamp="15 Jun 2023 05:24:15 GMT" skipped="0">
  <testcase classname="testCases.TC_002_LoginTest" name="test_loginUser" time="4.087"/>
</testsuite> <!-- testCases.TC_002_LoginTest -->
