<?xml version="1.0" encoding="UTF-8"?>
<!-- Generated by org.testng.reporters.JUnitReportReporter -->
<testsuite hostname="DESKTOP-74KTIGN" failures="0" tests="1" name="testCases.TC_002_LoginTest" time="5.488" errors="0" timestamp="12 Jun 2023 06:33:09 GMT" skipped="0">
  <testcase classname="testCases.TC_002_LoginTest" name="test_loginUser" time="5.488"/>
</testsuite> <!-- testCases.TC_002_LoginTest -->
